<?xml version="1.0" encoding="utf-8"?><testsuites name="pytest tests"><testsuite name="pytest" errors="0" failures="0" skipped="0" tests="27" time="6.932" timestamp="2026-05-02T01:40:05.562811+00:00" hostname="agent-env-0701431a-ea73-464a-8931-1c19ee4ad9e9"><testcase classname="backend.tests.test_phase2.TestUpload" name="test_upload_unauthorized" time="0.277" /><testcase classname="backend.tests.test_phase2.TestUpload" name="test_upload_png_success" time="0.770" /><testcase classname="backend.tests.test_phase2.TestUpload" name="test_upload_rejects_non_image" time="0.050" /><testcase classname="backend.tests.test_phase2.TestUpload" name="test_upload_rejects_oversize" time="0.404" /><testcase classname="backend.tests.test_phase2.TestFiles" name="test_serve_unknown_file" time="0.724" /><testcase classname="backend.tests.test_phase2.TestChangePassword" name="test_short_password_rejected" time="0.073" /><testcase classname="backend.tests.test_phase2.TestChangePassword" name="test_wrong_current_password" time="0.285" /><testcase classname="backend.tests.test_phase2.TestChangePassword" name="test_change_then_revert" time="2.409" /><testcase classname="backend.tests.test_phase2.TestReviews" name="test_submit_review_public" time="0.119" /><testcase classname="backend.tests.test_phase2.TestReviews" name="test_submit_review_invalid_product" time="0.051" /><testcase classname="backend.tests.test_phase2.TestReviews" name="test_public_reviews_only_approved" time="0.058" /><testcase classname="backend.tests.test_phase2.TestReviews" name="test_admin_list_reviews" time="0.054" /><testcase classname="backend.tests.test_phase2.TestReviews" name="test_approve_review_recalculates_rating" time="0.275" /><testcase classname="backend.tests.test_phase2.TestReviews" name="test_review_rating_validation" time="0.054" /><testcase classname="backend.tests.test_phase2.TestTestimonials" name="test_public_testimonials_seeded" time="0.052" /><testcase classname="backend.tests.test_phase2.TestTestimonials" name="test_admin_testimonials_includes_inactive" time="0.237" /><testcase classname="backend.tests.test_phase2.TestTestimonials" name="test_update_testimonial" time="0.110" /><testcase classname="backend.tests.test_phase2.TestTestimonials" name="test_delete_testimonial" time="0.100" /><testcase classname="backend.tests.test_phase2.TestTestimonials" name="test_admin_testimonials_unauthorized" time="0.053" /><testcase classname="backend.tests.test_phase2.TestPaymentPlaceholders" name="test_paymob_501" time="0.050" /><testcase classname="backend.tests.test_phase2.TestPaymentPlaceholders" name="test_fawry_501" time="0.052" /><testcase classname="backend.tests.test_phase2.TestPaymentPlaceholders" name="test_stripe_501" time="0.057" /><testcase classname="backend.tests.test_phase2.TestExistingFlows" name="test_login" time="0.291" /><testcase classname="backend.tests.test_phase2.TestExistingFlows" name="test_products_list" time="0.050" /><testcase classname="backend.tests.test_phase2.TestExistingFlows" name="test_settings_public" time="0.056" /><testcase classname="backend.tests.test_phase2.TestExistingFlows" name="test_stats_dashboard" time="0.060" /><testcase classname="backend.tests.test_phase2.TestExistingFlows" name="test_coupons_validate" time="0.057" /></testsuite></testsuites>