<?xml version="1.0" encoding="utf-8"?><testsuites name="pytest tests"><testsuite name="pytest" errors="0" failures="1" skipped="0" tests="43" time="4.993" timestamp="2026-05-02T01:08:27.535926+00:00" hostname="agent-env-0701431a-ea73-464a-8931-1c19ee4ad9e9"><testcase classname="backend.tests.backend_test.TestHealth" name="test_root" time="0.298" /><testcase classname="backend.tests.backend_test.TestCategories" name="test_list_categories_seeded" time="0.048" /><testcase classname="backend.tests.backend_test.TestProducts" name="test_list_products" time="0.054" /><testcase classname="backend.tests.backend_test.TestProducts" name="test_filter_category" time="0.057" /><testcase classname="backend.tests.backend_test.TestProducts" name="test_filter_concern" time="0.049" /><testcase classname="backend.tests.backend_test.TestProducts" name="test_filter_best_seller" time="0.051" /><testcase classname="backend.tests.backend_test.TestProducts" name="test_filter_new_arrival" time="0.053" /><testcase classname="backend.tests.backend_test.TestProducts" name="test_filter_offer" time="0.051" /><testcase classname="backend.tests.backend_test.TestProducts" name="test_search" time="0.047" /><testcase classname="backend.tests.backend_test.TestProducts" name="test_sort_price_asc" time="0.047" /><testcase classname="backend.tests.backend_test.TestProducts" name="test_get_product_by_slug" time="0.048" /><testcase classname="backend.tests.backend_test.TestProducts" name="test_get_product_404" time="0.049" /><testcase classname="backend.tests.backend_test.TestProducts" name="test_get_product_dm_girl_house_request_slug" time="0.069" /><testcase classname="backend.tests.backend_test.TestAuth" name="test_login_success_sets_cookies" time="0.352" /><testcase classname="backend.tests.backend_test.TestAuth" name="test_me_with_cookies" time="0.418" /><testcase classname="backend.tests.backend_test.TestAuth" name="test_me_without_cookies" time="0.106" /><testcase classname="backend.tests.backend_test.TestAuth" name="test_login_wrong_password_arabic" time="0.048" /><testcase classname="backend.tests.backend_test.TestAuth" name="test_logout_clears_cookies" time="0.444" /><testcase classname="backend.tests.backend_test.TestBruteForce" name="test_zzz_brute_force_lockout" time="0.453"><failure message="AssertionError: Expected 429 lockout after 5 attempts, got 401&#10;assert 401 == 429">backend/tests/backend_test.py:199: in test_zzz_brute_force_lockout
    assert last_status == 429, f"Expected 429 lockout after 5 attempts, got {last_status}"
E   AssertionError: Expected 429 lockout after 5 attempts, got 401
E   assert 401 == 429</failure></testcase><testcase classname="backend.tests.backend_test.TestCouponsPublic" name="test_validate_welcome10_above_min" time="0.050" /><testcase classname="backend.tests.backend_test.TestCouponsPublic" name="test_validate_welcome10_below_min" time="0.048" /><testcase classname="backend.tests.backend_test.TestCouponsPublic" name="test_validate_invalid_code" time="0.050" /><testcase classname="backend.tests.backend_test.TestOrders" name="test_create_order_cod" time="0.198" /><testcase classname="backend.tests.backend_test.TestOrders" name="test_create_order_with_coupon" time="0.052" /><testcase classname="backend.tests.backend_test.TestOrders" name="test_create_order_empty_cart" time="0.047" /><testcase classname="backend.tests.backend_test.TestOrders" name="test_admin_list_orders" time="0.050" /><testcase classname="backend.tests.backend_test.TestOrders" name="test_admin_orders_unauthorized" time="0.130" /><testcase classname="backend.tests.backend_test.TestOrders" name="test_order_status_transitions" time="0.248" /><testcase classname="backend.tests.backend_test.TestOrders" name="test_order_status_invalid" time="0.054" /><testcase classname="backend.tests.backend_test.TestStats" name="test_dashboard_admin" time="0.053" /><testcase classname="backend.tests.backend_test.TestStats" name="test_dashboard_unauthorized" time="0.106" /><testcase classname="backend.tests.backend_test.TestSettings" name="test_get_settings_admin" time="0.053" /><testcase classname="backend.tests.backend_test.TestSettings" name="test_get_settings_unauth" time="0.154" /><testcase classname="backend.tests.backend_test.TestSettings" name="test_update_settings" time="0.098" /><testcase classname="backend.tests.backend_test.TestCouponsAdmin" name="test_create_coupon" time="0.050" /><testcase classname="backend.tests.backend_test.TestCouponsAdmin" name="test_validate_created_coupon" time="0.053" /><testcase classname="backend.tests.backend_test.TestCouponsAdmin" name="test_delete_coupon" time="0.047" /><testcase classname="backend.tests.backend_test.TestCouponsAdmin" name="test_coupons_unauth" time="0.110" /><testcase classname="backend.tests.backend_test.TestProductsAdmin" name="test_create_product" time="0.049" /><testcase classname="backend.tests.backend_test.TestProductsAdmin" name="test_update_product" time="0.049" /><testcase classname="backend.tests.backend_test.TestProductsAdmin" name="test_delete_product" time="0.100" /><testcase classname="backend.tests.backend_test.TestProductsAdmin" name="test_create_product_unauth" time="0.139" /><testcase classname="backend.tests.backend_test.TestStripePlaceholder" name="test_stripe_returns_501" time="0.052" /></testsuite></testsuites>